
ROM used: 61 (3%)
          61 (3%) including unused fragments

          0 Average locations per line
          5 Average locations per statement

RAM used: 5 (2%) at main() level
          5 (2%) worst case

Stack used: 0 worst case (out of 8 total available)

Lines Stmts  %   Files
----- ----- ---  -----
   34    13 100  control rf.c
  223     0   0  ..\..\..\..\..\..\..\..\..\..\Program Files\PICC\devices\16f628a.h
----- -----
  257    13 Total

Page ROM  %  RAM   Vol Diff  Functions:
---- --- --- ---   --- ----  ----------
0     57  93   0   265  2.3  main
 Inline        0   751  4.5  @cinit1

Program metrics:
    Functions               2
    Statements              13
    Comments                63
    Volume (V)              1173
    Difficulty (D)          6.8
    Effort to implement (E) 8021
    Time to implement (T)   7 minutes
    Est Delivered Bugs (B)  0
    Cyclomatic Complexity   1
    Maintainability (MI)    141

 Segment     Used  Free
-----------  ----  ----
00000-00003     4  0  
00004-007FF    57  1987  



