
ROM used: 72 (4%)
          72 (4%) including unused fragments

          0 Average locations per line
          4 Average locations per statement

RAM used: 5 (2%) at main() level
          9 (4%) worst case

Stack used: 1 worst case (out of 8 total available)

Lines Stmts  %   Files
----- ----- ---  -----
   36    16 100  Proyecto 3.c
  223     0   0  ..\..\..\..\..\..\Program Files\PICC\devices\16f628a.h
----- -----
  259    16 Total

Page ROM  %  RAM   Vol Diff  Functions:
---- --- --- ---   --- ----  ----------
0     21  29   1             @delay_ms1
0     47  65   0   436  5.0  main
 Inline        0             @cinit1

Program metrics:
    Functions               1
    Statements              16
    Comments                63
    Volume (V)              441
    Difficulty (D)          4.7
    Effort to implement (E) 2090
    Time to implement (T)   2 minutes
    Est Delivered Bugs (B)  0
    Cyclomatic Complexity   2
    Maintainability (MI)    81

 Segment     Used  Free
-----------  ----  ----
00000-00003     4  0  
00004-007FF    68  1976  



