
ROM used: 468 (23%)
          468 (23%) including unused fragments

          1 Average locations per line
          12 Average locations per statement

RAM used: 13 (6%) at main() level
          15 (7%) worst case

Stack used: 2 worst case (out of 8 total available)

Lines Stmts  %   Files
----- ----- ---  -----
  152    35  88  mtz628c2.c
  224     0   0  ..\..\..\..\..\..\Program Files\PICC\devices\16f628a.h
   43     5  12  ..\..\..\..\..\..\Program Files\PICC\drivers\lcd_serial.c
----- -----
  419    40 Total

Page ROM  %  RAM   Vol Diff  Functions:
---- --- --- ---   --- ----  ----------
0     20   4   1             @delay_ms1
0     40   9   1             @PUTCHAR_1_
0      4   1   0    17  0.8  lcd_serial_init
0     10   2   2   104  1.9  lcd_serial_gotoxy
0      4   1   0    25  1.2  lcd_clear
0    221  47   0             @const73
0    123  26   1   982  6.2  MAIN
0     18   4   0             @const81
0     24   5   0             @const82

Program metrics:
    Functions               4
    Statements              40
    Comments                184
    Volume (V)              1338
    Difficilty (D)          10.4
    Effort to implement (E) 13922
    Time to implement (T)   13 minutes
    Est Delivered Bugs (B)  0
    Cyclomatic Complexity   4
    Maintainability (MI)    59

 Segment     Used  Free
-----------  ----  ----
00000-00003     4  0  
00004-007FF   464  1580  



