
ROM used: 53 (3%)
          53 (3%) including unused fragments

          0 Average locations per line
          5 Average locations per statement

RAM used: 5 (2%) at main() level
          7 (3%) worst case

Stack used: 1 worst case (out of 8 total available)

Lines Stmts  %   Files
----- ----- ---  -----
   34    10 100  emisor.c
  224     0   0  ..\..\..\..\..\..\Program Files\PICC\devices\16f628a.h
----- -----
  258    10 Total

Page ROM  %  RAM   Vol Diff  Functions:
---- --- --- ---   --- ----  ----------
0     21  40   1             @delay_ms1
0     28  53   0   202  3.6  main

Program metrics:
    Functions               1
    Statements              10
    Comments                63
    Volume (V)              204
    Difficilty (D)          3.4
    Effort to implement (E) 700
    Time to implement (T)   1 minutes
    Est Delivered Bugs (B)  0
    Cyclomatic Complexity   1
    Maintainability (MI)    92

 Segment     Used  Free
-----------  ----  ----
00000-00003     4  0  
00004-007FF    49  1995  



