
ROM used: 712 (35%)
          712 (35%) including unused fragments

          1 Average locations per line
          7 Average locations per statement

RAM used: 65 (29%) at main() level
          89 (40%) worst case

Stack used: 5 worst case (out of 8 total available)

Lines Stmts  %   Files
----- ----- ---  -----
   62    36  33  lcd.c
  223     0   0  ..\..\..\..\..\..\Program Files\PICC\devices\16f628a.h
  409    73  67  ..\..\..\..\..\..\Program Files\PICC\drivers\lcd.c
----- -----
  694   109 Total

Page ROM  %  RAM   Vol Diff  Functions:
---- --- --- ---   --- ----  ----------
0     21   3   1             @delay_ms1
0      8   1   0             @const71
 Inline        3   587  6.0  lcd_read_byte
0      6   1   0    59  4.2  lcd_read_nibble
0     12   2   1   172  3.4  lcd_send_nibble
0     64   9   3   447  4.6  lcd_send_byte
0     49   7   2   658  5.9  lcd_init
0     18   3   4   191  5.8  lcd_gotoxy
0     45   6   1   354  4.7  lcd_putc
0    286  40   1  1300  7.7  MAIN
0     21   3   0             @const105
0     12   2   0             @const106
0     79  11  13             @DIV3232
0     87  12  12             @PRINTF_L32U_88
 Inline        0             @cinit1

Program metrics:
    Functions               8
    Statements              109
    Comments                149
    Volume (V)              5556
    Difficulty (D)          40.2
    Effort to implement (E) 223358
    Time to implement (T)   3 hours, 27 minutes
    Est Delivered Bugs (B)  1
    Cyclomatic Complexity   15
    Maintainability (MI)    114

 Segment     Used  Free
-----------  ----  ----
00000-00003     4  0  
00004-007FF   708  1336  



