
ROM used: 1950 (95%)
          1950 (95%) including unused fragments

          2 Average locations per line
          6 Average locations per statement

RAM used: 26 (12%) at main() level
          43 (19%) worst case

Stack used: 5 worst case (out of 8 total available)

Lines Stmts  %   Files
----- ----- ---  -----
  271   231  76  lcd3.c
  223     0   0  ..\..\..\..\..\..\Program Files\PICC\devices\16f628a.h
  409    73  24  ..\..\..\..\..\..\Program Files\PICC\drivers\lcd.c
----- -----
  903   304 Total

Page ROM  %  RAM   Vol Diff  Functions:
---- --- --- ---   --- ----  ----------
0     21   1   1             @delay_ms1
0      8   0   0             @const75
 Inline        3   587  6.0  lcd_read_byte
0      6   0   0    59  4.2  lcd_read_nibble
0     12   1   1   172  3.4  lcd_send_nibble
0     64   3   3   447  4.6  lcd_send_byte
0     49   3   2   658  5.9  lcd_init
0     18   1   4   191  5.8  lcd_gotoxy
0     45   2   1   354  4.7  lcd_putc
0   1168  60   2  7171 11.9  MAIN
0     21   1   5             @MUL1616
0     37   2   2             @MUL88
0      6   0   0             @const126
0     15   1   0             @const127
0     10   1   0             @const128
0     11   1   0             @const132
0      6   0   0             @const133
0      8   0   0             @goto10203
0      8   0   0             @goto10206
0     21   1   0             @const144
0     14   1   0             @const146
0     16   1   0             @const147
0     17   1   0             @const149
0     99   5   9             @PRINTF_LU_92
0     19   1   0             @const153
0     15   1   0             @const154
0     20   1   0             @const156
0     17   1   0             @const158
0     21   1   0             @const162
0     19   1   0             @const164
0     16   1   0             @const166
0    139   7   1  1364  3.4  teclado
 Inline        0             @cinit1

Program metrics:
    Functions               9
    Statements              304
    Comments                166
    Volume (V)              14381
    Difficulty (D)          45.8
    Effort to implement (E) 658798
    Time to implement (T)   10 hours, 10 minutes
    Est Delivered Bugs (B)  3
    Cyclomatic Complexity   43
    Maintainability (MI)    93

 Segment     Used  Free
-----------  ----  ----
00000-00003     4  0  
00004-007FF  1946  98  



