
ROM used: 716 (35%)
          716 (35%) including unused fragments

          1 Average locations per line
          4 Average locations per statement

RAM used: 11 (5%) at main() level
          22 (10%) worst case

Stack used: 5 worst case (out of 8 total available)

Lines Stmts  %   Files
----- ----- ---  -----
   76    85  53  unlcd2.c
  224     0   0  ..\..\..\..\..\..\Program Files\PICC\devices\16f628a.h
  411    75  47  ..\..\..\..\..\..\Program Files\PICC\drivers\lcd.c
----- -----
  711   160 Total

Page ROM  %  RAM   Vol Diff  Functions:
---- --- --- ---   --- ----  ----------
0     21   3   1             @delay_ms1
0      8   1   0             @const75
 Inline        3   587  6.0  lcd_read_byte
0      6   1   0    59  4.2  lcd_read_nibble
0     12   2   1   172  3.4  lcd_send_nibble
0     64   9   3   447  4.6  lcd_send_byte
0     53   7   2   717  5.9  lcd_init
0     18   3   4   191  5.8  lcd_gotoxy
0     45   6   1   354  4.7  lcd_putc
0    363  51   1  2699  4.9  MAIN
0      6   1   0             @const105
0     14   2   0             @const106
0     14   2   0             @const107
0     21   3   3             @DIV88
0     53   7   2             @PRINTF_U_92
0     14   2   0             @const115

Program metrics:
    Functions               8
    Statements              160
    Comments                149
    Volume (V)              7284
    Difficilty (D)          36.8
    Effort to implement (E) 267865
    Time to implement (T)   4 hours, 8 minutes
    Est Delivered Bugs (B)  1
    Cyclomatic Complexity   27
    Maintainability (MI)    106

 Segment     Used  Free
-----------  ----  ----
00000-00003     4  0  
00004-007FF   712  1332  



