
ROM used: 338 (17%)
          338 (17%) including unused fragments

          1 Average locations per line
          11 Average locations per statement

RAM used: 12 (5%) at main() level
          13 (6%) worst case

Stack used: 1 worst case (out of 8 total available)

Lines Stmts  %   Files
----- ----- ---  -----
  136    30 100  matriz-pc.c
  224     0   0  ..\..\..\..\..\..\Program Files\PICC\devices\16f628a.h
----- -----
  360    30 Total

Page ROM  %  RAM   Vol Diff  Functions:
---- --- --- ---   --- ----  ----------
0     20   6   1             @delay_ms1
0    221  65   0             @const65
0     93  28   0   806  5.8  main

Program metrics:
    Functions               1
    Statements              30
    Comments                143
    Volume (V)              811
    Difficilty (D)          5.6
    Effort to implement (E) 4546
    Time to implement (T)   4 minutes
    Est Delivered Bugs (B)  0
    Cyclomatic Complexity   4
    Maintainability (MI)    64

 Segment     Used  Free
-----------  ----  ----
00000-00003     4  0  
00004-007FF   334  1710  



