
ROM used: 1713 (42%)
          1713 (42%) including unused fragments

          2 Average locations per line
          7 Average locations per statement

RAM used: 29 (11%) at main() level
          49 (19%) worst case

Stack used: 6 worst case (out of 8 total available)

Lines Stmts  %   Files
----- ----- ---  -----
  191   123  53  motor a pasos.c
  223     0   0  ..\..\..\..\..\..\..\..\Program Files\PICC\devices\16f648a.h
  135    40  17  ..\..\..\..\..\..\..\..\Program Files\PICC\drivers\kbd.c
  162    68  29  ..\..\..\..\..\..\..\..\Program Files\PICC\drivers\lcd420.c
----- -----
  711   231 Total

Page ROM  %  RAM   Vol Diff  Functions:
---- --- --- ---   --- ----  ----------
0     21   1   1             @delay_ms1
 Inline        1             @delay_us1
0     16   1   0             @const66
0      2   0   0     3  0.0  kbd_init
0    129   8   3  4540 10.2  kbd_getc
 Inline        2             @MUL88
0      8   0   0             @const87
 Inline        3   463  4.3  lcd_read_byte
0     12   1   1   134  2.2  lcd_send_nibble
0     54   3   3   317  4.3  lcd_send_byte
0     41   2   2   422  4.7  lcd_init
0     27   2   3   321  5.5  lcd_gotoxy
0      8   0   0             @goto10137
0     40   2   1   308  5.0  lcd_putc
0    569  33   1  3850 11.3  MAIN
0     58   3   0             @const131
0     61   4   0             @const132
0     44   3   0             @const133
0     23   1   0             @const134
0     23   1   0             @const135
0     26   2   0             @const136
0     21   1   0             @const137
0     99   6   9             @PRINTF_LU_109
0     25   1   0             @const140
0     51   3   0             @const141
0     14   1   0             @const142
0     12   1   0             @const143
0     26   2   0             @const144
0     23   1   0             @const145
0     58   3   0             @const146
0     17   1   0             @const149
0    127   7   3   588  8.9  teclado_numeros
0     21   1   5             @MUL1616
0     53   3   6   228  5.2  pausa_tec
 Inline        0             @cinit1

Program metrics:
    Functions               11
    Statements              231
    Comments                149
    Volume (V)              15310
    Difficulty (D)          61.5
    Effort to implement (E) 941719
    Time to implement (T)   14 hours, 32 minutes
    Est Delivered Bugs (B)  3
    Cyclomatic Complexity   51
    Maintainability (MI)    56

 Segment     Used  Free
-----------  ----  ----
00000-00003     4  0  
00004-007FF  1709  335  
00800-00FFF     0  2048  



