
ROM used: 127 (6%)
          127 (6%) including unused fragments

          0 Average locations per line
          4 Average locations per statement

RAM used: 6 (3%) at main() level
          10 (4%) worst case

Stack used: 1 worst case (out of 8 total available)

Lines Stmts  %   Files
----- ----- ---  -----
   57    36 100  Proyecto 4.c
  223     0   0  ..\..\..\..\..\..\Program Files\PICC\devices\16f628a.h
----- -----
  280    36 Total

Page ROM  %  RAM   Vol Diff  Functions:
---- --- --- ---   --- ----  ----------
0     21  17   1             @delay_ms1
0    102  80   1  1070  6.5  main
 Inline        0             @cinit1

Program metrics:
    Functions               1
    Statements              36
    Comments                63
    Volume (V)              1075
    Difficulty (D)          6.3
    Effort to implement (E) 6803
    Time to implement (T)   6 minutes
    Est Delivered Bugs (B)  0
    Cyclomatic Complexity   5
    Maintainability (MI)    62

 Segment     Used  Free
-----------  ----  ----
00000-00003     4  0  
00004-007FF   123  1921  



