
ROM used: 1018 (25%)
          1018 (25%) including unused fragments

          2 Average locations per line
          7 Average locations per statement

RAM used: 26 (10%) at main() level
          39 (15%) worst case

Stack used: 4 worst case (out of 8 total available)

Lines Stmts  %   Files
----- ----- ---  -----
  253   153 100  control bluetooth.c
  223     0   0  ..\..\..\..\..\..\..\..\..\..\..\Program Files\PICC\devices\16f648a.h
----- -----
  476   153 Total

Page ROM  %  RAM   Vol Diff  Functions:
---- --- --- ---   --- ----  ----------
0     20   2   1             @delay_ms1
0     15   1   1             @delay_us1
0     29   3   0   214  3.1  recepciion_datos
0     15   1   0    82  3.1  Intermitentes
0     88   9   0   497  4.8  MAIN
0     70   7   8   259  4.7  pwm_servo
0     32   3   6             @WRITEBITA
0    361  35   0  2413 11.8  opciones
 Inline        5             @MUL1616
0    124  12   4   204  3.8  sensor_distancia
0     23   2   5             @READBITA
 Inline        5             @DIV1616
0    184  18   2   979  3.9  modo_automatico
 Inline        0             @cinit1

Program metrics:
    Functions               7
    Statements              153
    Comments                90
    Volume (V)              6331
    Difficulty (D)          35.1
    Effort to implement (E) 221944
    Time to implement (T)   3 hours, 26 minutes
    Est Delivered Bugs (B)  1
    Cyclomatic Complexity   34
    Maintainability (MI)    51

 Segment     Used  Free
-----------  ----  ----
00000-00003     4  0  
00004-00038    53  0  
00039-007FF   961  1030  
00800-00FFF     0  2048  



