
ROM used: 2748 (8%)
          2748 (8%) including unused fragments

          2 Average locations per line
          7 Average locations per statement

RAM used: 39 (2%) at main() level
          59 (3%) worst case

Stack used: 8 worst case (out of 31 total available)

Lines Stmts  %   Files
----- ----- ---  -----
  109    68  18  emisor.c
  461     0   0  ..\..\..\..\..\..\..\Program Files\PICC\devices\18F4550.h
  572   216  58  lib_rf2gh4_10_4550.h
  411    91  24  ..\..\..\..\..\..\..\Program Files\PICC\drivers\lcd.c
----- -----
 1553   375 Total

Page ROM  %  RAM   Vol Diff  Functions:
---- --- --- ---   --- ----  ----------
0     38   1   1             @delay_ms1
0     26   0   0   143  2.2  RF_CONFIG_SPI
0     22   0   0   108  1.7  RF_INT_EN
0    524  10   2  2193  2.0  RF_CONFIG
0     56   1   0   149  1.3  RF_ON
0    624  11   4  3100  8.0  RF_SEND
0    192   3   5   982  5.9  RF_RECEIVE
0     20   0   0             @const100
0     74   1   3   751  4.5  lcd_read_byte
0     82   1   2   254  3.7  lcd_read_nibble
0     64   1   1   391  2.4  lcd_send_nibble
0     70   1   3   402  3.6  lcd_send_byte
0    108   2   2   754  5.0  lcd_init
0     34   1   4   191  5.8  lcd_gotoxy
0     84   2   1   354  4.7  lcd_putc
0     36   1   1   190  3.9  int_RB2
0    172   3   0   629  4.2  MAIN
0     14   0   0             @const134
0     32   1   2             @PSTRINGC_118
0     14   0   0             @const137
0     18   0   0             @const138
0     16   0   0             @const139
0    258   5   1  1209  3.4  pulsadores

Program metrics:
    Functions               16
    Statements              375
    Comments                404
    Volume (V)              18340
    Difficilty (D)          62.3
    Effort to implement (E) 1142214
    Time to implement (T)   17 hours, 38 minutes
    Est Delivered Bugs (B)  4
    Cyclomatic Complexity   36
    Maintainability (MI)    133

 Segment     Used  Free
-----------  ----  ----
00000-00002     4  0  
00004-00006     0  4  
00008-000AC   166  0  
000AE-07FFE  2578  30016  



