
ROM used: 129 (6%)
          129 (6%) including unused fragments

          0 Average locations per line
          3 Average locations per statement

RAM used: 8 (4%) at main() level
          10 (4%) worst case

Stack used: 1 worst case (out of 8 total available)

Lines Stmts  %   Files
----- ----- ---  -----
   65    37 100  Proyecto 5.c
  223     0   0  ..\..\..\..\..\..\Program Files\PICC\devices\16f628a.h
----- -----
  288    37 Total

Page ROM  %  RAM   Vol Diff  Functions:
---- --- --- ---   --- ----  ----------
0     21  16   1             @delay_ms1
0    104  81   3  1016  5.4  main
 Inline        0             @cinit1

Program metrics:
    Functions               1
    Statements              37
    Comments                63
    Volume (V)              1022
    Difficulty (D)          5.3
    Effort to implement (E) 5395
    Time to implement (T)   5 minutes
    Est Delivered Bugs (B)  0
    Cyclomatic Complexity   7
    Maintainability (MI)    62

 Segment     Used  Free
-----------  ----  ----
00000-00003     4  0  
00004-007FF   125  1919  



