
ROM used: 41 (2%)
          41 (2%) including unused fragments

          0 Average locations per line
          3 Average locations per statement

RAM used: 5 (4%) at main() level
          5 (4%) worst case

Stack used: 0 worst case (out of 8 total available)

Lines Stmts  %   Files
----- ----- ---  -----
   33    15 100  arranque y paro12f683.c
  279     0   0  ..\..\..\..\..\..\Program Files\PICC\devices\12f683.h
----- -----
  312    15 Total

Page ROM  %  RAM   Vol Diff  Functions:
---- --- --- ---   --- ----  ----------
0     37  90   1   262  2.7  main

Program metrics:
    Functions               1
    Statements              15
    Comments                71
    Volume (V)              262
    Difficilty (D)          2.7
    Effort to implement (E) 719
    Time to implement (T)   1 minutes
    Est Delivered Bugs (B)  0
    Cyclomatic Complexity   2
    Maintainability (MI)    121

 Segment     Used  Free
-----------  ----  ----
00000-00003     4  0  
00004-007FF    37  2007  



