
ROM used: 80 (8%)
          80 (8%) including unused fragments

          0 Average locations per line
          4 Average locations per statement

RAM used: 5 (8%) at main() level
          6 (9%) worst case

Stack used: 1 worst case (out of 8 total available)

Lines Stmts  %   Files
----- ----- ---  -----
   40    22 100  arranque y paro.c
  176     0   0  ..\..\..\..\..\..\Program Files\PICC\devices\12f629.h
----- -----
  216    22 Total

Page ROM  %  RAM   Vol Diff  Functions:
---- --- --- ---   --- ----  ----------
0     20  25   1             @delay_ms1
0     50  62   1   426  2.8  main

Program metrics:
    Functions               1
    Statements              22
    Comments                51
    Volume (V)              429
    Difficilty (D)          2.7
    Effort to implement (E) 1176
    Time to implement (T)   1 minutes
    Est Delivered Bugs (B)  0
    Cyclomatic Complexity   3
    Maintainability (MI)    39

 Segment     Used  Free
-----------  ----  ----
00000-00003     4  0  
00004-003FF    76  944  



