
ROM used: 595 (7%)
          595 (7%) including unused fragments

          1 Average locations per line
          11 Average locations per statement

RAM used: 6 (2%) at main() level
          18 (5%) worst case

Stack used: 2 worst case (out of 8 total available)

Lines Stmts  %   Files
----- ----- ---  -----
  232    54 100  vumetro matriz.c
  418     0   0  ..\..\..\..\..\..\..\..\..\..\Program Files\PICC\devices\16f886.h
----- -----
  650    54 Total

Page ROM  %  RAM   Vol Diff  Functions:
---- --- --- ---   --- ----  ----------
 Inline        1             @delay_ms1
 Inline        1             @delay_us1
0     60  10   0   223  2.7  main
0    387  65   0             @const78
0    144  24   8 15930  9.0  anuncio
 Inline        0             @cinit1

Program metrics:
    Functions               2
    Statements              54
    Comments                259
    Volume (V)              16472
    Difficulty (D)          12.0
    Effort to implement (E) 196949
    Time to implement (T)   3 hours, 2 minutes
    Est Delivered Bugs (B)  1
    Cyclomatic Complexity   6
    Maintainability (MI)    23

 Segment     Used  Free
-----------  ----  ----
00000-00003     4  0  
00004-007FF   591  1453  
00800-00FFF     0  2048  
01000-017FF     0  2048  
01800-01FFF     0  2048  



