
ROM used: 199 (10%)
          199 (10%) including unused fragments

          1 Average locations per line
          7 Average locations per statement

RAM used: 12 (5%) at main() level
          13 (6%) worst case

Stack used: 1 worst case (out of 8 total available)

Lines Stmts  %   Files
----- ----- ---  -----
  115    29 100  bienvenidos.c
  224     0   0  ..\..\..\..\..\..\Program Files\PICC\devices\16f628a.h
----- -----
  339    29 Total

Page ROM  %  RAM   Vol Diff  Functions:
---- --- --- ---   --- ----  ----------
0     14   7   1             @delay_ms1
0     89  45   0             @const65
0     92  46   0   776  5.8  main

Program metrics:
    Functions               1
    Statements              29
    Comments                120
    Volume (V)              781
    Difficilty (D)          5.6
    Effort to implement (E) 4368
    Time to implement (T)   4 minutes
    Est Delivered Bugs (B)  0
    Cyclomatic Complexity   4
    Maintainability (MI)    33

 Segment     Used  Free
-----------  ----  ----
00000-00003     4  0  
00004-007FF   195  1849  



