
ROM used: 1514 (74%)
          1514 (74%) including unused fragments

          2 Average locations per line
          15 Average locations per statement

RAM used: 6 (5%) at main() level
          36 (28%) worst case

Stack used: 5 worst case (out of 8 total available)

Lines Stmts  %   Files
----- ----- ---  -----
   50    13  13  adconverter.c
  329     0   0  ..\..\..\..\..\..\Program Files\PICC\devices\16f677.h
  409    89  87  ..\..\..\..\..\..\Program Files\PICC\drivers\lcd.c
----- -----
  788   102 Total

Page ROM  %  RAM   Vol Diff  Functions:
---- --- --- ---   --- ----  ----------
0     19   1   1             @delay_ms1
0      8   1   0             @const71
 Inline        3   751  4.5  lcd_read_byte
0     49   3   2   254  3.7  lcd_read_nibble
0     44   3   1   391  2.4  lcd_send_nibble
0     92   6   3   402  3.6  lcd_send_byte
0     59   4   2   695  5.0  lcd_init
0     18   1   4   191  5.8  lcd_gotoxy
0     45   3   1   354  4.7  lcd_putc
0    159  11   1   310  3.6  MAIN
0     29   2   2             @ITOF
0    117   8  13             @MULFF
0    202  13  14             @DIVFF
0      6   0   0             @const107
0     13   1   0             @const108
 Inline       16             @ADDFF
 Inline        5             @FTOSD
0     78   5  13             @DIV3232
0    572  38  11             @PRINTF_L32D_89FPFPFR
 Inline        0             @cinit1

Program metrics:
    Functions               8
    Statements              102
    Comments                167
    Volume (V)              5127
    Difficulty (D)          31.7
    Effort to implement (E) 162696
    Time to implement (T)   2 hours, 31 minutes
    Est Delivered Bugs (B)  1
    Cyclomatic Complexity   8
    Maintainability (MI)    132

 Segment     Used  Free
-----------  ----  ----
00000-00003     4  0  
00004-007FF  1510  534  



