
ROM used: 252 (12%)
          252 (12%) including unused fragments

          1 Average locations per line
          4 Average locations per statement

RAM used: 5 (4%) at main() level
          8 (6%) worst case

Stack used: 1 worst case (out of 8 total available)

Lines Stmts  %   Files
----- ----- ---  -----
   51    61 100  termometro leds.c
  329     0   0  ..\..\..\..\..\..\Program Files\PICC\devices\16f677.h
----- -----
  380    61 Total

Page ROM  %  RAM   Vol Diff  Functions:
---- --- --- ---   --- ----  ----------
0     19   8   1             @delay_ms1
0    229  91   0  1331  4.9  main
 Inline        0             @cinit1

Program metrics:
    Functions               1
    Statements              61
    Comments                74
    Volume (V)              1337
    Difficulty (D)          4.8
    Effort to implement (E) 6373
    Time to implement (T)   6 minutes
    Est Delivered Bugs (B)  0
    Cyclomatic Complexity   12
    Maintainability (MI)    99

 Segment     Used  Free
-----------  ----  ----
00000-00003     4  0  
00004-007FF   248  1796  



