
ROM used: 454 (22%)
          454 (22%) including unused fragments

          1 Average locations per line
          4 Average locations per statement

RAM used: 6 (3%) at main() level
          20 (9%) worst case

Stack used: 4 worst case (out of 8 total available)

Lines Stmts  %   Files
----- ----- ---  -----
   57    28  24  Lcd serial.c
  219     0   0  ..\..\..\..\..\..\Program Files\PICC\devices\16f628.h
  411    91  76  ..\..\..\..\..\..\Program Files\PICC\drivers\lcd.c
----- -----
  687   119 Total

Page ROM  %  RAM   Vol Diff  Functions:
---- --- --- ---   --- ----  ----------
0     20   4   1             @delay_ms1
0      8   2   0             @const72
 Inline        3   751  4.5  lcd_read_byte
0     49  11   2   254  3.7  lcd_read_nibble
0     46  10   1   391  2.4  lcd_send_nibble
0     94  21   3   402  3.6  lcd_send_byte
0     63  14   2   754  5.0  lcd_init
0     18   4   4   191  5.8  lcd_gotoxy
0     45  10   1   354  4.7  lcd_putc
0    101  22   1   627  3.7  MAIN
0      6   1   0             @const104

Program metrics:
    Functions               8
    Statements              119
    Comments                153
    Volume (V)              5654
    Difficilty (D)          32.7
    Effort to implement (E) 185146
    Time to implement (T)   2 hours, 51 minutes
    Est Delivered Bugs (B)  1
    Cyclomatic Complexity   10
    Maintainability (MI)    116

 Segment     Used  Free
-----------  ----  ----
00000-00003     4  0  
00004-007FF   450  1594  



