CCS PCM C Compiler, Version 4.114, 93460303               30-nov.-14 18:23

               Filename: C:\Users\ivan-_000\Documents\PIC\Pic C\Comunicacion\Lcd serial.lst

               ROM used: 454 words (22%)
                         Largest free fragment is 1594
               RAM used: 6 (3%) at main() level
                         20 (9%) worst case
               Stack:    4 locations

*
0000:  MOVLW  01
0001:  MOVWF  0A
0002:  GOTO   161
0003:  NOP
.................... #include <16f628.h> 
.................... //////// Standard Header file for the PIC16F628 device //////////////// 
.................... #device PIC16F628 
.................... #list 
....................  
.................... #fuses HS 
.................... #fuses NOWDT 
.................... #fuses NOMCLR 
.................... #fuses NOPUT 
.................... #fuses NOLVP 
.................... #fuses NOPROTECT 
.................... #fuses NOCPD 
.................... #fuses NOBROWNOUT 
.................... #use delay(clock=20000000) 
0012:  MOVLW  26
0013:  MOVWF  04
0014:  BCF    03.7
0015:  MOVF   00,W
0016:  BTFSC  03.2
0017:  GOTO   025
0018:  MOVLW  06
0019:  MOVWF  78
001A:  CLRF   77
001B:  DECFSZ 77,F
001C:  GOTO   01B
001D:  DECFSZ 78,F
001E:  GOTO   01A
001F:  MOVLW  7B
0020:  MOVWF  77
0021:  DECFSZ 77,F
0022:  GOTO   021
0023:  DECFSZ 00,F
0024:  GOTO   018
0025:  RETURN
.................... #BYTE TRISA=0x85 
.................... #BYTE PORTA=0x05 
.................... #BYTE TRISB=0x86 
.................... #BYTE PORTB=0x06 
.................... #define LCD_ENABLE_PIN  PIN_A2                                     
.................... #define LCD_RS_PIN      PIN_A3                                     
.................... #define LCD_RW_PIN      PIN_A4                                     
.................... #define LCD_DATA4       PIN_B4                                     
.................... #define LCD_DATA5       PIN_B5                                     
.................... #define LCD_DATA6       PIN_B6                                     
.................... #define LCD_DATA7       PIN_B7 
.................... #include <lcd.c> 
.................... /////////////////////////////////////////////////////////////////////////////// 
.................... ////                             LCD.C                                     //// 
.................... ////                 Driver for common LCD modules                         //// 
.................... ////                                                                       //// 
.................... ////  lcd_init()   Must be called before any other function.               //// 
.................... ////                                                                       //// 
.................... ////  lcd_putc(c)  Will display c on the next position of the LCD.         //// 
.................... ////                 \a  Set cursor position to upper left                 //// 
.................... ////                 \f  Clear display, set cursor to upper left           //// 
.................... ////                 \n  Go to start of second line                        //// 
.................... ////                 \b  Move back one position                            //// 
.................... ////              If LCD_EXTENDED_NEWLINE is defined, the \n character     //// 
.................... ////              will erase all remanining characters on the current      //// 
.................... ////              line, and move the cursor to the beginning of the next   //// 
.................... ////              line.                                                    //// 
.................... ////              If LCD_EXTENDED_NEWLINE is defined, the \r character     //// 
.................... ////              will move the cursor to the start of the current         //// 
.................... ////              line.                                                    //// 
.................... ////                                                                       //// 
.................... ////  lcd_gotoxy(x,y) Set write position on LCD (upper left is 1,1)        //// 
.................... ////                                                                       //// 
.................... ////  lcd_getc(x,y)   Returns character at position x,y on LCD             //// 
.................... ////                                                                       //// 
.................... ////  CONFIGURATION                                                        //// 
.................... ////  The LCD can be configured in one of two ways: a.) port access or     //// 
.................... ////  b.) pin access.  Port access requires the entire 7 bit interface     //// 
.................... ////  connected to one GPIO port, and the data bits (D4:D7 of the LCD)     //// 
.................... ////  connected to sequential pins on the GPIO.  Pin access                //// 
.................... ////  has no requirements, all 7 bits of the control interface can         //// 
.................... ////  can be connected to any GPIO using several ports.                    //// 
.................... ////                                                                       //// 
.................... ////  To use port access, #define LCD_DATA_PORT to the SFR location of     //// 
.................... ////  of the GPIO port that holds the interface, -AND- edit LCD_PIN_MAP    //// 
.................... ////  of this file to configure the pin order.  If you are using a         //// 
.................... ////  baseline PIC (PCB), then LCD_OUTPUT_MAP and LCD_INPUT_MAP also must  //// 
.................... ////  be defined.                                                          //// 
.................... ////                                                                       //// 
.................... ////  Example of port access:                                              //// 
.................... ////     #define LCD_DATA_PORT getenv("SFR:PORTD")                         //// 
.................... ////                                                                       //// 
.................... ////  To use pin access, the following pins must be defined:               //// 
.................... ////     LCD_ENABLE_PIN                                                    //// 
.................... ////     LCD_RS_PIN                                                        //// 
.................... ////     LCD_RW_PIN                                                        //// 
.................... ////     LCD_DATA4                                                         //// 
.................... ////     LCD_DATA5                                                         //// 
.................... ////     LCD_DATA6                                                         //// 
.................... ////     LCD_DATA7                                                         //// 
.................... ////                                                                       //// 
.................... ////  Example of pin access:                                               //// 
.................... ////     #define LCD_ENABLE_PIN  PIN_E0                                    //// 
.................... ////     #define LCD_RS_PIN      PIN_E1                                    //// 
.................... ////     #define LCD_RW_PIN      PIN_E2                                    //// 
.................... ////     #define LCD_DATA4       PIN_D4                                    //// 
.................... ////     #define LCD_DATA5       PIN_D5                                    //// 
.................... ////     #define LCD_DATA6       PIN_D6                                    //// 
.................... ////     #define LCD_DATA7       PIN_D7                                    //// 
.................... ////                                                                       //// 
.................... /////////////////////////////////////////////////////////////////////////////// 
.................... ////        (C) Copyright 1996,2010 Custom Computer Services           //// 
.................... //// This source code may only be used by licensed users of the CCS C  //// 
.................... //// compiler.  This source code may only be distributed to other      //// 
.................... //// licensed users of the CCS C compiler.  No other use, reproduction //// 
.................... //// or distribution is permitted without written permission.          //// 
.................... //// Derivative programs created using this software in object code    //// 
.................... //// form are not restricted in any way.                               //// 
.................... /////////////////////////////////////////////////////////////////////////// 
....................  
.................... // define the pinout. 
.................... // only required if port access is being used. 
.................... typedef struct   
.................... {                            // This structure is overlayed 
....................    BOOLEAN enable;           // on to an I/O port to gain 
....................    BOOLEAN rs;               // access to the LCD pins. 
....................    BOOLEAN rw;               // The bits are allocated from 
....................    BOOLEAN unused;           // low order up.  ENABLE will 
....................    int     data : 4;         // be LSB pin of that port. 
....................   #if defined(__PCD__)       // The port used will be LCD_DATA_PORT. 
....................    int    reserved: 8; 
....................   #endif 
.................... } LCD_PIN_MAP; 
....................  
.................... // this is to improve compatability with previous LCD drivers that accepted 
.................... // a define labeled 'use_portb_lcd' that configured the LCD onto port B. 
.................... #if ((defined(use_portb_lcd)) && (use_portb_lcd==TRUE)) 
....................  #define LCD_DATA_PORT getenv("SFR:PORTB") 
.................... #endif 
....................  
.................... #if defined(__PCB__) 
....................    // these definitions only need to be modified for baseline PICs. 
....................    // all other PICs use LCD_PIN_MAP or individual LCD_xxx pin definitions. 
.................... /*                                    EN, RS,   RW,   UNUSED,  DATA  */ 
....................  const LCD_PIN_MAP LCD_OUTPUT_MAP =  {0,  0,    0,    0,       0}; 
....................  const LCD_PIN_MAP LCD_INPUT_MAP =   {0,  0,    0,    0,       0xF}; 
.................... #endif 
....................  
.................... ////////////////////// END CONFIGURATION /////////////////////////////////// 
....................  
.................... #ifndef LCD_ENABLE_PIN 
....................    #define lcd_output_enable(x) lcdlat.enable=x 
....................    #define lcd_enable_tris()   lcdtris.enable=0 
.................... #else 
....................    #define lcd_output_enable(x) output_bit(LCD_ENABLE_PIN, x) 
....................    #define lcd_enable_tris()  output_drive(LCD_ENABLE_PIN) 
.................... #endif 
....................  
.................... #ifndef LCD_RS_PIN 
....................    #define lcd_output_rs(x) lcdlat.rs=x 
....................    #define lcd_rs_tris()   lcdtris.rs=0 
.................... #else 
....................    #define lcd_output_rs(x) output_bit(LCD_RS_PIN, x) 
....................    #define lcd_rs_tris()  output_drive(LCD_RS_PIN) 
.................... #endif 
....................  
.................... #ifndef LCD_RW_PIN 
....................    #define lcd_output_rw(x) lcdlat.rw=x 
....................    #define lcd_rw_tris()   lcdtris.rw=0 
.................... #else 
....................    #define lcd_output_rw(x) output_bit(LCD_RW_PIN, x) 
....................    #define lcd_rw_tris()  output_drive(LCD_RW_PIN) 
.................... #endif 
....................  
.................... // original version of this library incorrectly labeled LCD_DATA0 as LCD_DATA4, 
.................... // LCD_DATA1 as LCD_DATA5, and so on.  this block of code makes the driver 
.................... // compatible with any code written for the original library 
.................... #if (defined(LCD_DATA0) && defined(LCD_DATA1) && defined(LCD_DATA2) && defined(LCD_DATA3) && !defined(LCD_DATA4) && !defined(LCD_DATA5) && !defined(LCD_DATA6) && !defined(LCD_DATA7)) 
....................    #define  LCD_DATA4    LCD_DATA0 
....................    #define  LCD_DATA5    LCD_DATA1 
....................    #define  LCD_DATA6    LCD_DATA2 
....................    #define  LCD_DATA7    LCD_DATA3 
.................... #endif 
....................  
.................... #ifndef LCD_DATA4 
.................... #ifndef LCD_DATA_PORT 
....................    #if defined(__PCB__) 
....................       #define LCD_DATA_PORT      0x06     //portb 
....................       #define set_tris_lcd(x)   set_tris_b(x) 
....................    #else 
....................      #if defined(PIN_D0) 
....................       #define LCD_DATA_PORT      getenv("SFR:PORTD")     //portd 
....................      #else 
....................       #define LCD_DATA_PORT      getenv("SFR:PORTB")     //portb 
....................      #endif 
....................    #endif    
.................... #endif 
....................  
.................... #if defined(__PCB__) 
....................    LCD_PIN_MAP lcd, lcdlat; 
....................    #byte lcd = LCD_DATA_PORT 
....................    #byte lcdlat = LCD_DATA_PORT 
.................... #elif defined(__PCM__) 
....................    LCD_PIN_MAP lcd, lcdlat, lcdtris; 
....................    #byte lcd = LCD_DATA_PORT 
....................    #byte lcdlat = LCD_DATA_PORT 
....................    #byte lcdtris = LCD_DATA_PORT+0x80 
.................... #elif defined(__PCH__) 
....................    LCD_PIN_MAP lcd, lcdlat, lcdtris; 
....................    #byte lcd = LCD_DATA_PORT 
....................    #byte lcdlat = LCD_DATA_PORT+9 
....................    #byte lcdtris = LCD_DATA_PORT+0x12 
.................... #elif defined(__PCD__) 
....................    LCD_PIN_MAP lcd, lcdlat, lcdtris; 
....................    #word lcd = LCD_DATA_PORT 
....................    #word lcdlat = LCD_DATA_PORT+2 
....................    #word lcdtris = LCD_DATA_PORT-0x02 
.................... #endif 
.................... #endif   //LCD_DATA4 not defined 
....................  
.................... #ifndef LCD_TYPE 
....................    #define LCD_TYPE 2           // 0=5x7, 1=5x10, 2=2 lines 
.................... #endif 
....................  
.................... #ifndef LCD_LINE_TWO 
....................    #define LCD_LINE_TWO 0x40    // LCD RAM address for the second line 
.................... #endif 
....................  
.................... #ifndef LCD_LINE_LENGTH 
....................    #define LCD_LINE_LENGTH 20 
.................... #endif 
....................  
.................... BYTE const LCD_INIT_STRING[4] = {0x20 | (LCD_TYPE << 2), 0xc, 1, 6}; 
....................                              // These bytes need to be sent to the LCD 
....................                              // to start it up. 
....................  
.................... BYTE lcd_read_nibble(void); 
....................  
.................... BYTE lcd_read_byte(void) 
.................... { 
....................    BYTE low,high; 
....................  
....................  #if defined(__PCB__) 
....................    set_tris_lcd(LCD_INPUT_MAP); 
....................  #else 
....................   #if (defined(LCD_DATA4) && defined(LCD_DATA5) && defined(LCD_DATA6) && defined(LCD_DATA7)) 
....................    output_float(LCD_DATA4); 
*
008D:  BSF    06.4
....................    output_float(LCD_DATA5); 
008E:  BSF    06.5
....................    output_float(LCD_DATA6); 
008F:  BSF    06.6
....................    output_float(LCD_DATA7); 
0090:  BSF    06.7
....................   #else 
....................    lcdtris.data = 0xF; 
....................   #endif 
....................  #endif 
....................          
....................    lcd_output_rw(1); 
0091:  BCF    03.5
0092:  BSF    05.4
0093:  BSF    03.5
0094:  BCF    05.4
....................    delay_cycles(1); 
0095:  NOP
....................    lcd_output_enable(1); 
0096:  BCF    03.5
0097:  BSF    05.2
0098:  BSF    03.5
0099:  BCF    05.2
....................    delay_cycles(1); 
009A:  NOP
....................    high = lcd_read_nibble(); 
009B:  BCF    03.5
009C:  CALL   054
009D:  MOVF   78,W
009E:  MOVWF  2D
....................        
....................    lcd_output_enable(0); 
009F:  BCF    05.2
00A0:  BSF    03.5
00A1:  BCF    05.2
....................    delay_cycles(1); 
00A2:  NOP
....................    lcd_output_enable(1); 
00A3:  BCF    03.5
00A4:  BSF    05.2
00A5:  BSF    03.5
00A6:  BCF    05.2
....................    delay_us(1); 
00A7:  GOTO   0A8
00A8:  GOTO   0A9
00A9:  NOP
....................    low = lcd_read_nibble(); 
00AA:  BCF    03.5
00AB:  CALL   054
00AC:  MOVF   78,W
00AD:  MOVWF  2C
....................        
....................    lcd_output_enable(0); 
00AE:  BCF    05.2
00AF:  BSF    03.5
00B0:  BCF    05.2
....................  
....................  #if defined(__PCB__) 
....................    set_tris_lcd(LCD_OUTPUT_MAP); 
....................  #else 
....................   #if (defined(LCD_DATA4) && defined(LCD_DATA5) && defined(LCD_DATA6) && defined(LCD_DATA7)) 
....................    output_drive(LCD_DATA4); 
00B1:  BCF    06.4
....................    output_drive(LCD_DATA5); 
00B2:  BCF    06.5
....................    output_drive(LCD_DATA6); 
00B3:  BCF    06.6
....................    output_drive(LCD_DATA7); 
00B4:  BCF    06.7
....................   #else 
....................    lcdtris.data = 0x0; 
....................   #endif 
....................  #endif 
....................  
....................    return( (high<<4) | low); 
00B5:  BCF    03.5
00B6:  SWAPF  2D,W
00B7:  MOVWF  77
00B8:  MOVLW  F0
00B9:  ANDWF  77,F
00BA:  MOVF   77,W
00BB:  IORWF  2C,W
00BC:  MOVWF  78
.................... } 
....................  
.................... BYTE lcd_read_nibble(void) 
.................... { 
....................   #if (defined(LCD_DATA4) && defined(LCD_DATA5) && defined(LCD_DATA6) && defined(LCD_DATA7)) 
*
0054:  CLRF   2E
....................    BYTE n = 0x00; 
....................  
....................    /* Read the data port */ 
....................    n |= input(LCD_DATA4); 
0055:  BSF    03.5
0056:  BSF    06.4
0057:  MOVLW  00
0058:  BCF    03.5
0059:  BTFSC  06.4
005A:  MOVLW  01
005B:  IORWF  2E,F
....................    n |= input(LCD_DATA5) << 1; 
005C:  BSF    03.5
005D:  BSF    06.5
005E:  MOVLW  00
005F:  BCF    03.5
0060:  BTFSC  06.5
0061:  MOVLW  01
0062:  MOVWF  77
0063:  BCF    03.0
0064:  RLF    77,F
0065:  MOVF   77,W
0066:  IORWF  2E,F
....................    n |= input(LCD_DATA6) << 2; 
0067:  BSF    03.5
0068:  BSF    06.6
0069:  MOVLW  00
006A:  BCF    03.5
006B:  BTFSC  06.6
006C:  MOVLW  01
006D:  MOVWF  77
006E:  RLF    77,F
006F:  RLF    77,F
0070:  MOVLW  FC
0071:  ANDWF  77,F
0072:  MOVF   77,W
0073:  IORWF  2E,F
....................    n |= input(LCD_DATA7) << 3; 
0074:  BSF    03.5
0075:  BSF    06.7
0076:  MOVLW  00
0077:  BCF    03.5
0078:  BTFSC  06.7
0079:  MOVLW  01
007A:  MOVWF  77
007B:  RLF    77,F
007C:  RLF    77,F
007D:  RLF    77,F
007E:  MOVLW  F8
007F:  ANDWF  77,F
0080:  MOVF   77,W
0081:  IORWF  2E,F
....................     
....................    return(n); 
0082:  MOVF   2E,W
0083:  MOVWF  78
....................   #else 
....................    return(lcd.data); 
....................   #endif 
.................... } 
0084:  RETURN
....................  
.................... void lcd_send_nibble(BYTE n) 
.................... { 
....................   #if (defined(LCD_DATA4) && defined(LCD_DATA5) && defined(LCD_DATA6) && defined(LCD_DATA7)) 
....................    /* Write to the data port */ 
....................    output_bit(LCD_DATA4, bit_test(n, 0)); 
*
0026:  BTFSC  2D.0
0027:  GOTO   02A
0028:  BCF    06.4
0029:  GOTO   02B
002A:  BSF    06.4
002B:  BSF    03.5
002C:  BCF    06.4
....................    output_bit(LCD_DATA5, bit_test(n, 1)); 
002D:  BCF    03.5
002E:  BTFSC  2D.1
002F:  GOTO   032
0030:  BCF    06.5
0031:  GOTO   033
0032:  BSF    06.5
0033:  BSF    03.5
0034:  BCF    06.5
....................    output_bit(LCD_DATA6, bit_test(n, 2)); 
0035:  BCF    03.5
0036:  BTFSC  2D.2
0037:  GOTO   03A
0038:  BCF    06.6
0039:  GOTO   03B
003A:  BSF    06.6
003B:  BSF    03.5
003C:  BCF    06.6
....................    output_bit(LCD_DATA7, bit_test(n, 3)); 
003D:  BCF    03.5
003E:  BTFSC  2D.3
003F:  GOTO   042
0040:  BCF    06.7
0041:  GOTO   043
0042:  BSF    06.7
0043:  BSF    03.5
0044:  BCF    06.7
....................   #else       
....................    lcdlat.data = n; 
....................   #endif 
....................        
....................    delay_cycles(1); 
0045:  NOP
....................    lcd_output_enable(1); 
0046:  BCF    03.5
0047:  BSF    05.2
0048:  BSF    03.5
0049:  BCF    05.2
....................    delay_us(2); 
004A:  MOVLW  03
004B:  MOVWF  77
004C:  DECFSZ 77,F
004D:  GOTO   04C
....................    lcd_output_enable(0); 
004E:  BCF    03.5
004F:  BCF    05.2
0050:  BSF    03.5
0051:  BCF    05.2
.................... } 
0052:  BCF    03.5
0053:  RETURN
....................  
.................... void lcd_send_byte(BYTE address, BYTE n) 
.................... { 
....................   #if defined(__PCB__) 
....................    set_tris_lcd(LCD_OUTPUT_MAP); 
....................   #else 
....................    lcd_enable_tris(); 
*
0085:  BSF    03.5
0086:  BCF    05.2
....................    lcd_rs_tris(); 
0087:  BCF    05.3
....................    lcd_rw_tris(); 
0088:  BCF    05.4
....................   #endif 
....................  
....................    lcd_output_rs(0); 
0089:  BCF    03.5
008A:  BCF    05.3
008B:  BSF    03.5
008C:  BCF    05.3
....................    while ( bit_test(lcd_read_byte(),7) ) ; 
*
00BD:  MOVF   78,W
00BE:  MOVWF  2C
00BF:  BTFSS  2C.7
00C0:  GOTO   0C3
00C1:  BSF    03.5
00C2:  GOTO   08D
....................    lcd_output_rs(address); 
00C3:  MOVF   2A,F
00C4:  BTFSS  03.2
00C5:  GOTO   0C8
00C6:  BCF    05.3
00C7:  GOTO   0C9
00C8:  BSF    05.3
00C9:  BSF    03.5
00CA:  BCF    05.3
....................    delay_cycles(1); 
00CB:  NOP
....................    lcd_output_rw(0); 
00CC:  BCF    03.5
00CD:  BCF    05.4
00CE:  BSF    03.5
00CF:  BCF    05.4
....................    delay_cycles(1); 
00D0:  NOP
....................    lcd_output_enable(0); 
00D1:  BCF    03.5
00D2:  BCF    05.2
00D3:  BSF    03.5
00D4:  BCF    05.2
....................    lcd_send_nibble(n >> 4); 
00D5:  BCF    03.5
00D6:  SWAPF  2B,W
00D7:  MOVWF  2C
00D8:  MOVLW  0F
00D9:  ANDWF  2C,F
00DA:  MOVF   2C,W
00DB:  MOVWF  2D
00DC:  CALL   026
....................    lcd_send_nibble(n & 0xf); 
00DD:  MOVF   2B,W
00DE:  ANDLW  0F
00DF:  MOVWF  2C
00E0:  MOVWF  2D
00E1:  CALL   026
.................... } 
00E2:  RETURN
....................  
.................... #if defined(LCD_EXTENDED_NEWLINE) 
.................... unsigned int8 g_LcdX, g_LcdY; 
.................... #endif 
....................  
.................... void lcd_init(void)  
.................... { 
....................    BYTE i; 
....................  
....................  #if defined(__PCB__) 
....................    set_tris_lcd(LCD_OUTPUT_MAP); 
....................  #else 
....................   #if (defined(LCD_DATA4) && defined(LCD_DATA5) && defined(LCD_DATA6) && defined(LCD_DATA7)) 
....................    output_drive(LCD_DATA4); 
00E3:  BSF    03.5
00E4:  BCF    06.4
....................    output_drive(LCD_DATA5); 
00E5:  BCF    06.5
....................    output_drive(LCD_DATA6); 
00E6:  BCF    06.6
....................    output_drive(LCD_DATA7); 
00E7:  BCF    06.7
....................   #else 
....................    lcdtris.data = 0x0; 
....................   #endif 
....................    lcd_enable_tris(); 
00E8:  BCF    05.2
....................    lcd_rs_tris(); 
00E9:  BCF    05.3
....................    lcd_rw_tris(); 
00EA:  BCF    05.4
....................  #endif 
....................  
....................    lcd_output_rs(0); 
00EB:  BCF    03.5
00EC:  BCF    05.3
00ED:  BSF    03.5
00EE:  BCF    05.3
....................    lcd_output_rw(0); 
00EF:  BCF    03.5
00F0:  BCF    05.4
00F1:  BSF    03.5
00F2:  BCF    05.4
....................    lcd_output_enable(0); 
00F3:  BCF    03.5
00F4:  BCF    05.2
00F5:  BSF    03.5
00F6:  BCF    05.2
....................      
....................    delay_ms(15); 
00F7:  MOVLW  0F
00F8:  BCF    03.5
00F9:  MOVWF  26
00FA:  CALL   012
....................    for(i=1;i<=3;++i) 
00FB:  MOVLW  01
00FC:  MOVWF  24
00FD:  MOVF   24,W
00FE:  SUBLW  03
00FF:  BTFSS  03.0
0100:  GOTO   10B
....................    { 
....................        lcd_send_nibble(3); 
0101:  MOVLW  03
0102:  MOVWF  2D
0103:  CALL   026
....................        lcd_send_nibble(0); 
0104:  CLRF   2D
0105:  CALL   026
....................        delay_ms(5); 
0106:  MOVLW  05
0107:  MOVWF  26
0108:  CALL   012
....................    } 
0109:  INCF   24,F
010A:  GOTO   0FD
....................     
....................    lcd_send_nibble(2); 
010B:  MOVLW  02
010C:  MOVWF  2D
010D:  CALL   026
....................    lcd_send_nibble(0); 
010E:  CLRF   2D
010F:  CALL   026
....................    delay_ms(5); 
0110:  MOVLW  05
0111:  MOVWF  26
0112:  CALL   012
....................    for(i=0;i<=3;++i) 
0113:  CLRF   24
0114:  MOVF   24,W
0115:  SUBLW  03
0116:  BTFSS  03.0
0117:  GOTO   121
....................       lcd_send_byte(0,LCD_INIT_STRING[i]); 
0118:  MOVF   24,W
0119:  CALL   004
011A:  MOVWF  25
011B:  CLRF   2A
011C:  MOVF   25,W
011D:  MOVWF  2B
011E:  CALL   085
....................  
....................   #if defined(LCD_EXTENDED_NEWLINE) 
011F:  INCF   24,F
0120:  GOTO   114
....................    g_LcdX = 0; 
....................    g_LcdY = 0; 
....................   #endif 
.................... } 
0121:  GOTO   170 (RETURN)
....................  
.................... void lcd_gotoxy(BYTE x, BYTE y) 
.................... { 
....................    BYTE address; 
....................     
....................    if(y!=1) 
0122:  DECFSZ 27,W
0123:  GOTO   125
0124:  GOTO   128
....................       address=LCD_LINE_TWO; 
0125:  MOVLW  40
0126:  MOVWF  28
....................    else 
0127:  GOTO   129
....................       address=0; 
0128:  CLRF   28
....................       
....................    address+=x-1; 
0129:  MOVLW  01
012A:  SUBWF  26,W
012B:  ADDWF  28,F
....................    lcd_send_byte(0,0x80|address); 
012C:  MOVF   28,W
012D:  IORLW  80
012E:  MOVWF  29
012F:  CLRF   2A
0130:  MOVF   29,W
0131:  MOVWF  2B
0132:  CALL   085
....................  
....................   #if defined(LCD_EXTENDED_NEWLINE) 
....................    g_LcdX = x - 1; 
....................    g_LcdY = y - 1; 
....................   #endif 
.................... } 
0133:  RETURN
....................  
.................... void lcd_putc(char c) 
.................... { 
....................    switch (c) 
....................    { 
0134:  MOVF   25,W
0135:  XORLW  07
0136:  BTFSC  03.2
0137:  GOTO   142
0138:  XORLW  0B
0139:  BTFSC  03.2
013A:  GOTO   147
013B:  XORLW  06
013C:  BTFSC  03.2
013D:  GOTO   14F
013E:  XORLW  02
013F:  BTFSC  03.2
0140:  GOTO   155
0141:  GOTO   15A
....................       case '\a'   :  lcd_gotoxy(1,1);     break; 
0142:  MOVLW  01
0143:  MOVWF  26
0144:  MOVWF  27
0145:  CALL   122
0146:  GOTO   160
....................  
....................       case '\f'   :  lcd_send_byte(0,1); 
0147:  CLRF   2A
0148:  MOVLW  01
0149:  MOVWF  2B
014A:  CALL   085
....................                      delay_ms(2); 
014B:  MOVLW  02
014C:  MOVWF  26
014D:  CALL   012
....................                     #if defined(LCD_EXTENDED_NEWLINE) 
....................                      g_LcdX = 0; 
....................                      g_LcdY = 0; 
....................                     #endif 
....................                      break; 
014E:  GOTO   160
....................  
....................      #if defined(LCD_EXTENDED_NEWLINE) 
....................       case '\r'   :  lcd_gotoxy(1, g_LcdY+1);   break; 
....................       case '\n'   : 
....................          while (g_LcdX++ < LCD_LINE_LENGTH) 
....................          { 
....................             lcd_send_byte(1, ' '); 
....................          } 
....................          lcd_gotoxy(1, g_LcdY+2); 
....................          break; 
....................      #else 
....................       case '\n'   : lcd_gotoxy(1,2);        break; 
014F:  MOVLW  01
0150:  MOVWF  26
0151:  MOVLW  02
0152:  MOVWF  27
0153:  CALL   122
0154:  GOTO   160
....................      #endif 
....................       
....................       case '\b'   : lcd_send_byte(0,0x10);  break; 
0155:  CLRF   2A
0156:  MOVLW  10
0157:  MOVWF  2B
0158:  CALL   085
0159:  GOTO   160
....................       
....................      #if defined(LCD_EXTENDED_NEWLINE) 
....................       default     :  
....................          if (g_LcdX < LCD_LINE_LENGTH) 
....................          { 
....................             lcd_send_byte(1, c); 
....................             g_LcdX++; 
....................          } 
....................          break; 
....................      #else 
....................       default     : lcd_send_byte(1,c);     break; 
015A:  MOVLW  01
015B:  MOVWF  2A
015C:  MOVF   25,W
015D:  MOVWF  2B
015E:  CALL   085
015F:  GOTO   160
....................      #endif 
....................    } 
.................... } 
0160:  RETURN
....................   
.................... char lcd_getc(BYTE x, BYTE y) 
.................... { 
....................    char value; 
....................  
....................    lcd_gotoxy(x,y); 
....................    while ( bit_test(lcd_read_byte(),7) ); // wait until busy flag is low 
....................    lcd_output_rs(1); 
....................    value = lcd_read_byte(); 
....................    lcd_output_rs(0); 
....................     
....................    return(value); 
.................... } 
....................  
.................... #use rs232(baud=9600, rcv=PIN_B1, xmit=PIN_B2,parity=n, bits=1, stop=1,) 
.................... void main() 
.................... { 
0161:  CLRF   04
0162:  BCF    03.7
0163:  MOVLW  1F
0164:  ANDWF  03,F
0165:  MOVLW  81
0166:  BSF    03.5
0167:  MOVWF  19
0168:  MOVLW  A6
0169:  MOVWF  18
016A:  MOVLW  90
016B:  BCF    03.5
016C:  MOVWF  18
016D:  MOVLW  07
016E:  MOVWF  1F
....................    lcd_init(); 
016F:  GOTO   0E3
....................    int caracter,x,y; 
....................    Trisa=0; 
0170:  BSF    03.5
0171:  CLRF   05
....................    Trisb=0b00000100;    
0172:  MOVLW  04
0173:  MOVWF  06
....................    while(true) 
....................    { 
....................       while(kbhit()==false); 
0174:  MOVLW  00
0175:  BCF    03.5
0176:  BTFSC  0C.5
0177:  MOVLW  01
0178:  XORLW  00
0179:  BTFSS  03.2
017A:  GOTO   17D
017B:  BSF    03.5
017C:  GOTO   174
....................       caracter=getc(); 
017D:  BTFSS  0C.5
017E:  GOTO   17D
017F:  MOVF   1A,W
0180:  MOVWF  21
....................       if(caracter=='ñ') 
0181:  MOVF   21,W
0182:  SUBLW  F1
0183:  BTFSS  03.2
0184:  GOTO   199
....................       { 
....................          lcd_putc("\f"); 
0185:  CLRF   24
0186:  MOVF   24,W
0187:  CALL   00C
0188:  IORLW  00
0189:  BTFSC  03.2
018A:  GOTO   18F
018B:  INCF   24,F
018C:  MOVWF  25
018D:  CALL   134
018E:  GOTO   186
....................          while(kbhit()==false); 
018F:  MOVLW  00
0190:  BTFSC  0C.5
0191:  MOVLW  01
0192:  XORLW  00
0193:  BTFSC  03.2
0194:  GOTO   18F
....................          caracter=getc(); 
0195:  BTFSS  0C.5
0196:  GOTO   195
0197:  MOVF   1A,W
0198:  MOVWF  21
....................       } 
....................       if (caracter=='°') 
0199:  MOVF   21,W
019A:  SUBLW  B0
019B:  BTFSS  03.2
019C:  GOTO   1C0
....................       { 
....................          while(kbhit()==false); 
019D:  MOVLW  00
019E:  BTFSC  0C.5
019F:  MOVLW  01
01A0:  XORLW  00
01A1:  BTFSC  03.2
01A2:  GOTO   19D
....................          x=getc(); 
01A3:  BTFSS  0C.5
01A4:  GOTO   1A3
01A5:  MOVF   1A,W
01A6:  MOVWF  22
....................          //if((x==0) || (x>16)) 
....................          //   {x=1;} 
....................          while(kbhit()==false); 
01A7:  MOVLW  00
01A8:  BTFSC  0C.5
01A9:  MOVLW  01
01AA:  XORLW  00
01AB:  BTFSC  03.2
01AC:  GOTO   1A7
....................          y=getc(); 
01AD:  BTFSS  0C.5
01AE:  GOTO   1AD
01AF:  MOVF   1A,W
01B0:  MOVWF  23
....................          //if((y==0) || (y>2)) 
....................          //   {y=1;} 
....................          lcd_gotoxy(x,y); 
01B1:  MOVF   22,W
01B2:  MOVWF  26
01B3:  MOVF   23,W
01B4:  MOVWF  27
01B5:  CALL   122
....................          while(kbhit()==false); 
01B6:  MOVLW  00
01B7:  BTFSC  0C.5
01B8:  MOVLW  01
01B9:  XORLW  00
01BA:  BTFSC  03.2
01BB:  GOTO   1B6
....................          caracter=getc(); 
01BC:  BTFSS  0C.5
01BD:  GOTO   1BC
01BE:  MOVF   1A,W
01BF:  MOVWF  21
....................       } 
....................       lcd_putc(caracter); 
01C0:  MOVF   21,W
01C1:  MOVWF  25
01C2:  CALL   134
....................    } 
01C3:  BSF    03.5
01C4:  GOTO   174
.................... } 
01C5:  SLEEP

Configuration Fuses:
   Word  1: 3F0A   NOWDT NOPUT HS NOMCLR NOBROWNOUT NOLVP NOCPD NOPROTECT
