
ROM used: 265 (13%)
          265 (13%) including unused fragments

          1 Average locations per line
          3 Average locations per statement

RAM used: 11 (5%) at main() level
          12 (5%) worst case

Stack used: 2 worst case (out of 8 total available)

Lines Stmts  %   Files
----- ----- ---  -----
  171   101 100  Display.c
  223     0   0  ..\..\..\..\..\..\Program Files\PICC\devices\16f628a.h
----- -----
  394   101 Total

Page ROM  %  RAM   Vol Diff  Functions:
---- --- --- ---   --- ----  ----------
0     21   8   1             @delay_ms1
0    165  62   3  3460  5.5  main
0     15   6   0             @goto10056
0     15   6   0             @goto10072
0     18   7   0             @goto10088
0     27  10   1   240  3.6  condicion
 Inline        0             @cinit1

Program metrics:
    Functions               2
    Statements              101
    Comments                66
    Volume (V)              3956
    Difficulty (D)          9.2
    Effort to implement (E) 36282
    Time to implement (T)   34 minutes
    Est Delivered Bugs (B)  0
    Cyclomatic Complexity   35
    Maintainability (MI)    89

 Segment     Used  Free
-----------  ----  ----
00000-00003     4  0  
00004-007FF   261  1783  



