
ROM used:   1070/8192 (13%)
            1070/8192 (13%) including unused fragments

            1.2 Average locations per line
            16.7 Average locations per statement

RAM used:   8/368 (2%) at main() level
            62/368 (17%) worst case

Stack used: 0 worst case (0 in main + 0 for interrupts)
Stack size: 8

Lines Stmts  %   Files
----- ----- ---  -----
  183    64 100  vumetro matriz 2.c
  741     0   0  ..\..\..\..\..\..\..\..\..\Program Files\PICC\Devices\16f886.h
----- -----
  924    64 Total

Page ROM  %  RAM   Vol Diff  Functions:
---- --- --- ---   --- ----  ----------
0     20   2    1             @delay_ms1
0     19   2    1             @delay_us1
0    387  36    0             @const617
0     98   9    2   331  3.3  comprobar_adc
0     27   3    1   189  4.5  id_letras
0    266  25   36  1476  9.6  Mostrar
0     21   2    5             @MUL1616
0    193  18    2  1663 10.9  MAIN
0     35   3    0             @const643
 Inline         0             @cinit1

Program metrics:
    Functions               4
    Statements              64
    Comments                195
    Volume (V)              4615
    Difficulty (D)          27.9
    Effort to implement (E) 128948
    Time to implement (T)   1 hours, 59 minutes
    Est Delivered Bugs (B)  1
    Cyclomatic Complexity   13
    Maintainability (MI)    39

 Segment     Used  Free
-----------  ----  ----
00000-00003     4  0  
00004-007FF  1066  978  
00800-00FFF     0  2048  
01000-017FF     0  2048  
01800-01FFF     0  2048  



