
ROM used: 25 (1%)
          25 (1%) including unused fragments

          0 Average locations per line
          3 Average locations per statement

RAM used: 5 (2%) at main() level
          6 (3%) worst case

Stack used: 0 worst case (out of 8 total available)

Lines Stmts  %   Files
----- ----- ---  -----
   48     8 100  Gestion-mem-r.c
  223     0   0  ..\..\..\..\..\..\Program Files\PICC\devices\16f628a.h
----- -----
  271     8 Total

Page ROM  %  RAM   Vol Diff  Functions:
---- --- --- ---   --- ----  ----------
0     21  84   0   125  2.2  main
 Inline        0             @cinit1

Program metrics:
    Functions               1
    Statements              8
    Comments                81
    Volume (V)              127
    Difficulty (D)          2.0
    Effort to implement (E) 259
    Time to implement (T)   0 minutes
    Est Delivered Bugs (B)  0
    Cyclomatic Complexity   1
    Maintainability (MI)    161

 Segment     Used  Free
-----------  ----  ----
00000-00003     4  0  
00004-007FF    21  2023  



