
ROM used: 384 (19%)
          384 (19%) including unused fragments

          1 Average locations per line
          17 Average locations per statement

RAM used: 9 (4%) at main() level
          17 (8%) worst case

Stack used: 2 worst case (out of 8 total available)

Lines Stmts  %   Files
----- ----- ---  -----
   48    22 100  hc-sr06.c
  224     0   0  ..\..\..\..\..\..\Program Files\PICC\devices\16f628a.h
----- -----
  272    22 Total

Page ROM  %  RAM   Vol Diff  Functions:
---- --- --- ---   --- ----  ----------
0     21   5   1             @delay_ms1
0     31   8   1   199  4.0  @PUTCHAR_1_
0    133  35   2   532  6.5  main
0     19   5   0             @const70
0     37  10   5             @DIV1616
0     18   5   0             @const74
0     22   6   0             @const75
0     99  26   9             @PRINTF_LU_60

Program metrics:
    Functions               2
    Statements              22
    Comments                71
    Volume (V)              863
    Difficilty (D)          9.6
    Effort to implement (E) 8299
    Time to implement (T)   8 minutes
    Est Delivered Bugs (B)  0
    Cyclomatic Complexity   2
    Maintainability (MI)    110

 Segment     Used  Free
-----------  ----  ----
00000-00003     4  0  
00004-007FF   380  1664  



