
ROM used: 1972 (96%)
          1972 (96%) including unused fragments

          3 Average locations per line
          12 Average locations per statement

RAM used: 9 (4%) at main() level
          19 (8%) worst case

Stack used: 4 worst case (out of 8 total available)

Lines Stmts  %   Files
----- ----- ---  -----
   93    71  44  serial.c
  224     0   0  ..\..\..\..\..\..\Program Files\PICC\devices\16f628a.h
  411    91  56  ..\..\..\..\..\..\Program Files\PICC\drivers\lcd.c
----- -----
  728   162 Total

Page ROM  %  RAM   Vol Diff  Functions:
---- --- --- ---   --- ----  ----------
0     20   1   1             @delay_ms1
0      8   0   0             @const68
 Inline        3   751  4.5  lcd_read_byte
0     49   2   2   254  3.7  lcd_read_nibble
0     44   2   1   391  2.4  lcd_send_nibble
0     92   5   3   402  3.6  lcd_send_byte
0     63   3   2   754  5.0  lcd_init
0     18   1   4   191  5.8  lcd_gotoxy
0     45   2   1   354  4.7  lcd_putc
0     34   2   1             @PUTCHAR_1_
0     36   2   1             @GETCH_1_
0    652  33   1  2073  6.3  MAIN
0     24   1   0             @const103
0     29   1   0             @const104
0     29   1   0             @const105
0     29   1   0             @const106
0     29   1   0             @const107
0     31   2   0             @const108
0     26   1   0             @const109
0     24   1   0             @const110
0     35   2   0             @const111
0     26   1   0             @const112
0     29   1   0             @const113
0     26   1   0             @const114
0     26   1   0             @const115
0     26   1   0             @const116
0     26   1   0             @const117
0     26   1   0             @const118
0     26   1   0             @const119
0     26   1   0             @const120
0     31   2   0             @const121
0     26   1   0             @const122
0     27   1   0             @const123
0     27   1   0             @const124
0     27   1   0             @const125
0     27   1   0             @const126
0     27   1   0             @const127
0     27   1   0             @const128
0     27   1   0             @const129
0     29   1   0             @const130
0     23   1   0             @const131
0     21   1   0             @const132
0     21   1   3             @DIV88
0     53   3   2             @PRINTF_U_92
0     21   1   0             @const139

Program metrics:
    Functions               8
    Statements              162
    Comments                161
    Volume (V)              7539
    Difficilty (D)          32.6
    Effort to implement (E) 245570
    Time to implement (T)   3 hours, 47 minutes
    Est Delivered Bugs (B)  1
    Cyclomatic Complexity   14
    Maintainability (MI)    117

 Segment     Used  Free
-----------  ----  ----
00000-00003     4  0  
00004-007FF  1968  76  



